<?xml version="1.0" encoding="UTF-8"?>
<!-- Generated by org.testng.reporters.JUnitXMLReporter -->
<testsuite hostname="Admin" ignored="0" name="Default test" tests="6" failures="0" timestamp="16 Sep 2022 14:43:25 GMT" time="15.663" errors="0">
  <testcase name="login" time="7.368" classname="com.omrbranch.OMRBranchLoginPage"/>
  <testcase name="addUserAddress" time="0.849" classname="com.omrbranch.OMRBranchLoginPage"/>
  <testcase name="updateUserAddress" time="0.577" classname="com.omrbranch.OMRBranchLoginPage"/>
  <testcase name="deleteUserAddress" time="0.53" classname="com.omrbranch.OMRBranchLoginPage"/>
  <testcase name="getUserAddresses" time="1.173" classname="com.omrbranch.OMRBranchLoginPage"/>
  <testcase name="changeProfilePic" time="5.005" classname="com.omrbranch.OMRBranchLoginPage"/>
</testsuite> <!-- Default test -->
